Previous file not exist
___________________________________
1
No face detected, retrying
2
No face detected, retrying
3
No face detected, retrying
4
No face detected, retrying
5
No face detected, retrying
6
No face detected, retrying
7
No face detected, retrying
8
No face detected, retrying
9
No face detected, retrying
10
No face detected, retrying
11
No face detected, retrying
12
No face detected, retrying
13
No face detected, retrying
14
No face detected, retrying
15

Face detected! Authenticating...
Similarity: 99.74519348144531
Confidence: 100.0
Face ID: 62473a90-7b03-4f8c-97a1-2fd852d48709
Welcome, Chiew Jia Jing:184471. Enjoy learning!

Face detected! Analysing...
16
calm : 95.82
sad : 1.95
angry : 0.96
confused : 0.66
surprised : 0.24
disgusted : 0.2
happy : 0.1
fear : 0.07
2019-12-18 14:20:56.418357

Face detected! Analysing...
17
calm : 91.24
sad : 4.2
angry : 1.83
confused : 1.5
disgusted : 0.5
surprised : 0.4
fear : 0.19
happy : 0.15
2019-12-18 14:20:59.502242
No face detected.
18
No face detected.
19
No face detected.
20
No face detected.
21

Face detected! Analysing...
22
calm : 95.8
sad : 2.04
confused : 0.92
angry : 0.46
happy : 0.31
surprised : 0.22
disgusted : 0.18
fear : 0.07
2019-12-18 14:21:03.555409

Face detected! Analysing...
23
calm : 94.66
sad : 1.96
confused : 1.16
angry : 0.89
happy : 0.53
disgusted : 0.38
surprised : 0.34
fear : 0.08
2019-12-18 14:21:06.553717

Face detected! Analysing...
24
calm : 96.53
sad : 2.0
confused : 0.78
angry : 0.37
disgusted : 0.1
surprised : 0.1
happy : 0.09
fear : 0.03
2019-12-18 14:21:09.434204

Face detected! Analysing...
25
calm : 94.33
sad : 2.66
confused : 1.27
angry : 0.89
disgusted : 0.35
happy : 0.23
surprised : 0.2
fear : 0.08
2019-12-18 14:21:12.300269

Face detected! Analysing...
26
calm : 96.27
sad : 2.1
confused : 0.67
angry : 0.56
disgusted : 0.17
surprised : 0.1
happy : 0.08
fear : 0.04
2019-12-18 14:21:15.159592

Face detected! Analysing...
27
calm : 98.13
sad : 0.88
confused : 0.39
angry : 0.27
happy : 0.15
surprised : 0.09
disgusted : 0.08
fear : 0.02
2019-12-18 14:21:18.082751

Face detected! Analysing...
28
calm : 95.83
sad : 1.43
angry : 0.93
confused : 0.86
happy : 0.42
surprised : 0.25
disgusted : 0.22
fear : 0.06
2019-12-18 14:21:20.901914

Face detected! Analysing...
29
Closing
